[www.indonez.com/html-demo/Equity/index.html]
[backblue.gif]
[fade.gif]
[index.html]
[www.indonez.com/html-demo/Equity/js/vendors/uikit.min.js]
[www.indonez.com/html-demo/Equity/css/vendors/uikit.min.css]
[www.indonez.com/html-demo/Equity/css/style.css]
[www.indonez.com/html-demo/Equity/fonts/fa-brands-400.woff2]
[www.indonez.com/html-demo/Equity/fonts/fa-solid-900.woff2]
[www.indonez.com/html-demo/Equity/fonts/archivo-v9-latin-regular.woff2]
[www.indonez.com/html-demo/Equity/fonts/archivo-v9-latin-300.woff2]
[www.indonez.com/html-demo/Equity/fonts/archivo-v9-latin-700.woff2]
[www.indonez.com/html-demo/Equity/favicon.ico]
[www.indonez.com/html-demo/Equity/apple-touch-icon.png]
[www.indonez.com/html-demo/Equity/index-2.html]
[www.indonez.com/html-demo/Equity/img/in-lazy.gif]
[www.indonez.com/html-demo/Equity/homepage2.html]
[www.indonez.com/html-demo/Equity/homepage3.html]
[www.indonez.com/html-demo/Equity/homepage4.html]
[www.indonez.com/html-demo/Equity/markets.html]
[www.indonez.com/html-demo/Equity/about.html]
[www.indonez.com/html-demo/Equity/blog/page-1.html]
[www.indonez.com/html-demo/Equity/careers.html]
[www.indonez.com/html-demo/Equity/contact.html]
[www.indonez.com/html-demo/Equity/education.html]
[www.indonez.com/html-demo/Equity/help-center.html]
[www.indonez.com/html-demo/Equity/customers.html]
[www.indonez.com/html-demo/Equity/roadmap.html]
[www.indonez.com/html-demo/Equity/legal-docs.html]
[www.indonez.com/html-demo/Equity/signin.html]
[www.indonez.com/html-demo/Equity/js/vendors/utilities.min.js]
[www.indonez.com/html-demo/Equity/js/vendors/trading-widget.min.js]
[www.indonez.com/html-demo/Equity/js/vendors/market-plugin.min.js]
[www.indonez.com/html-demo/Equity/js/vendors/particles.min.js]
[www.indonez.com/html-demo/Equity/js/config-particles.js]
[www.indonez.com/html-demo/Equity/js/config-theme.js]
[www.indonez.com/html-demo/Equity/index.html]
[www.indonez.com/html-demo/Equity/js/vendors/uikit.min.js]
[www.indonez.com/html-demo/Equity/css/vendors/uikit.min.css]
[www.indonez.com/html-demo/Equity/fonts/archivo-v9-latin-regular.woff]
[www.indonez.com/html-demo/Equity/fonts/archivo-v9-latin-300.woff]
[www.indonez.com/html-demo/Equity/fonts/archivo-v9-latin-700.woff]
[www.indonez.com/html-demo/Equity/fonts/fa-brands-400.woff]
[www.indonez.com/html-demo/Equity/fonts/fa-solid-900.woff]
[www.indonez.com/html-demo/Equity/css/style.css]
[www.indonez.com/html-demo/Equity/index-2.html]
[www.indonez.com/html-demo/Equity/img/in-equity-7-symbol-1.svg]
[www.indonez.com/html-demo/Equity/img/in-equity-7-symbol-2.svg]
[www.indonez.com/html-demo/Equity/img/in-equity-7-symbol-3.svg]
[www.indonez.com/html-demo/Equity/img/in-equity-7-symbol-4.svg]
[www.indonez.com/html-demo/Equity/img/in-equity-press-1.svg]
[www.indonez.com/html-demo/Equity/img/in-equity-press-2.svg]
[www.indonez.com/html-demo/Equity/img/in-equity-press-3.svg]
[www.indonez.com/html-demo/Equity/img/in-equity-press-4.svg]
[www.indonez.com/html-demo/Equity/img/in-equity-press-5.svg]
[www.indonez.com/html-demo/Equity/homepage2.html]
[www.indonez.com/html-demo/Equity/homepage3.html]
[www.indonez.com/html-demo/Equity/img/in-equity-payment-1.svg]
[www.indonez.com/html-demo/Equity/img/in-equity-payment-2.svg]
[www.indonez.com/html-demo/Equity/img/in-equity-payment-3.svg]
[www.indonez.com/html-demo/Equity/img/in-equity-payment-4.svg]
[www.indonez.com/html-demo/Equity/img/in-equity-payment-5.svg]
[www.indonez.com/html-demo/Equity/img/in-equity-payment-6.svg]
[www.indonez.com/html-demo/Equity/homepage4.html]
[www.indonez.com/html-demo/Equity/markets.html]
[www.indonez.com/html-demo/Equity/img/blockit/in-team-background-1.png]
[www.indonez.com/html-demo/Equity/img/blockit/in-team-1.png]
[www.indonez.com/html-demo/Equity/img/blockit/in-team-4.png]
[www.indonez.com/html-demo/Equity/about.html]
[www.indonez.com/html-demo/Equity/img/blockit/in-team-2.png]
[www.indonez.com/html-demo/Equity/img/user/image-post-1js43jtw649.jpg]
[www.indonez.com/html-demo/Equity/blog/blackrock-responds-to-george-soros-criticism-over.html]
[www.indonez.com/html-demo/Equity/img/user/author-lybqnhew0wc.jpg]
[www.indonez.com/html-demo/Equity/blog/india-is-better-equipped-to-deal-with-a-potential.html]
[www.indonez.com/html-demo/Equity/blog/page-1.html]
[www.indonez.com/html-demo/Equity/blog/china-portrays-the-us-as-weak-and-unreliable-to.html]
[www.indonez.com/html-demo/Equity/img/blockit/in-gallery-image-1.jpg]
[www.indonez.com/html-demo/Equity/img/blockit/in-gallery-image-2.jpg]
[www.indonez.com/html-demo/Equity/img/blockit/in-gallery-image-3.jpg]
[www.indonez.com/html-demo/Equity/img/blockit/in-gallery-image-4.jpg]
[www.indonez.com/html-demo/Equity/img/blockit/in-gallery-image-5.jpg]
[www.indonez.com/html-demo/Equity/img/blockit/in-gallery-image-6.jpg]
[www.indonez.com/html-demo/Equity/careers.html]
[www.indonez.com/html-demo/Equity/contact.html]
[www.indonez.com/html-demo/Equity/img/blockit/in-card-background-1.jpg]
[www.indonez.com/html-demo/Equity/education.html]
[www.indonez.com/html-demo/Equity/img/blockit/in-content-10-image.png]
[www.indonez.com/html-demo/Equity/img/blockit/in-team-7.png]
[www.indonez.com/html-demo/Equity/img/blockit/in-team-8.png]
[www.indonez.com/html-demo/Equity/img/blockit/in-team-6.png]
[www.indonez.com/html-demo/Equity/img/blockit/in-team-3.png]
[www.indonez.com/html-demo/Equity/help-center.html]
[www.indonez.com/html-demo/Equity/img/blockit/in-testimoni-2.png]
[www.indonez.com/html-demo/Equity/img/blockit/in-client-testi-1.svg]
[www.indonez.com/html-demo/Equity/img/blockit/in-testimoni-3.png]
[www.indonez.com/html-demo/Equity/img/blockit/in-client-testi-2.svg]
[www.indonez.com/html-demo/Equity/img/blockit/in-client-testi-3.svg]
[www.indonez.com/html-demo/Equity/img/blockit/in-client-testi-4.svg]
[www.indonez.com/html-demo/Equity/img/blockit/in-client-testi-5.svg]
[www.indonez.com/html-demo/Equity/customers.html]
[www.indonez.com/html-demo/Equity/roadmap.html]
[www.indonez.com/html-demo/Equity/legal-docs.html]
[www.indonez.com/html-demo/Equity/img/in-signin-image.jpg]
[www.indonez.com/html-demo/Equity/signin.html]
[www.indonez.com/html-demo/Equity/sendmail.html]
[www.indonez.com/html-demo/Equity/js/vendors/utilities.min.js]
[www.indonez.com/html-demo/Equity/js/vendors/trading-widget.min.js]
[www.indonez.com/html-demo/Equity/js/vendors/market-plugin.min.js]
[www.indonez.com/html-demo/Equity/js/vendors/particles.min.js]
[www.indonez.com/html-demo/Equity/js/config-particles.js]
[www.indonez.com/html-demo/Equity/js/config-theme.js]
[www.indonez.com/html-demo/Equity/img/in-equity-7-symbol-1.svg]
[www.indonez.com/html-demo/Equity/img/in-equity-7-symbol-2.svg]
[www.indonez.com/html-demo/Equity/img/in-equity-7-symbol-3.svg]
[www.indonez.com/html-demo/Equity/img/in-equity-7-symbol-4.svg]
[www.indonez.com/html-demo/Equity/img/in-equity-press-1.svg]
[www.indonez.com/html-demo/Equity/img/in-equity-press-2.svg]
[www.indonez.com/html-demo/Equity/img/in-equity-press-3.svg]
[www.indonez.com/html-demo/Equity/img/in-equity-press-4.svg]
[www.indonez.com/html-demo/Equity/img/in-equity-press-5.svg]
[www.indonez.com/html-demo/Equity/img/in-equity-payment-1.svg]
[www.indonez.com/html-demo/Equity/img/in-equity-payment-2.svg]
[www.indonez.com/html-demo/Equity/img/in-equity-payment-3.svg]
[www.indonez.com/html-demo/Equity/img/in-equity-payment-4.svg]
[www.indonez.com/html-demo/Equity/img/in-equity-payment-5.svg]
[www.indonez.com/html-demo/Equity/img/in-equity-payment-6.svg]
[www.indonez.com/html-demo/Equity/https_/getuikit.com/docs/index.html]
[www.indonez.com/html-demo/Equity/blog/findc66c.html]
[www.indonez.com/html-demo/Equity/blog/find3219.html]
[www.indonez.com/html-demo/Equity/js/vendors/share-buttons.min.js]
[www.indonez.com/html-demo/Equity/blog/blackrock-responds-to-george-soros-criticism-over.html]
[www.indonez.com/html-demo/Equity/blog/find1877.html]
[www.indonez.com/html-demo/Equity/blog/india-is-better-equipped-to-deal-with-a-potential.html]
[www.indonez.com/html-demo/Equity/blog/find7117.html]
[www.indonez.com/html-demo/Equity/blog/find2e44.html]
[www.indonez.com/html-demo/Equity/blog/china-portrays-the-us-as-weak-and-unreliable-to.html]
[www.indonez.com/html-demo/Equity/img/blockit/in-client-testi-1.svg]
[www.indonez.com/html-demo/Equity/img/blockit/in-client-testi-2.svg]
[www.indonez.com/html-demo/Equity/img/blockit/in-client-testi-3.svg]
[www.indonez.com/html-demo/Equity/img/blockit/in-client-testi-4.svg]
[www.indonez.com/html-demo/Equity/img/blockit/in-client-testi-5.svg]
[www.indonez.com/html-demo/Equity/sendmail.html]
[www.indonez.com/html-demo/Equity/blog/findc66c.html]
[www.indonez.com/html-demo/Equity/blog/find3219.html]
[www.indonez.com/html-demo/Equity/js/vendors/share-buttons.min.js]
[www.indonez.com/html-demo/Equity/blog/find1877.html]
[www.indonez.com/html-demo/Equity/blog/find7117.html]
[www.indonez.com/html-demo/Equity/blog/find2e44.html]
